<?xml version="1.0" encoding="UTF-8"?>
<testsuite xmlns:xsi="http://www.w3.org/2001/XMLSchema-instance" xsi:noNamespaceSchemaLocation="https://maven.apache.org/surefire/maven-surefire-plugin/xsd/surefire-test-report-3.0.xsd" version="3.0" name="com.ocado.basket.BasketSplitterTest" time="0.189" tests="6" errors="0" skipped="0" failures="0">
  <properties>
    <property name="java.specification.version" value="17"/>
    <property name="sun.cpu.isalist" value="amd64"/>
    <property name="sun.jnu.encoding" value="Cp1252"/>
    <property name="java.class.path" value="E:\Maksym_Donchyk_Java_Krakow\target\test-classes;E:\Maksym_Donchyk_Java_Krakow\target\classes;C:\Users\maxim\.m2\repository\junit\junit\4.13.1\junit-4.13.1.jar;C:\Users\maxim\.m2\repository\org\hamcrest\hamcrest-core\1.3\hamcrest-core-1.3.jar;C:\Users\maxim\.m2\repository\org\junit\jupiter\junit-jupiter\5.10.2\junit-jupiter-5.10.2.jar;C:\Users\maxim\.m2\repository\org\junit\jupiter\junit-jupiter-api\5.10.2\junit-jupiter-api-5.10.2.jar;C:\Users\maxim\.m2\repository\org\opentest4j\opentest4j\1.3.0\opentest4j-1.3.0.jar;C:\Users\maxim\.m2\repository\org\junit\platform\junit-platform-commons\1.10.2\junit-platform-commons-1.10.2.jar;C:\Users\maxim\.m2\repository\org\apiguardian\apiguardian-api\1.1.2\apiguardian-api-1.1.2.jar;C:\Users\maxim\.m2\repository\org\junit\jupiter\junit-jupiter-params\5.10.2\junit-jupiter-params-5.10.2.jar;C:\Users\maxim\.m2\repository\org\junit\jupiter\junit-jupiter-engine\5.10.2\junit-jupiter-engine-5.10.2.jar;C:\Users\maxim\.m2\repository\org\junit\platform\junit-platform-engine\1.10.2\junit-platform-engine-1.10.2.jar;C:\Users\maxim\.m2\repository\com\google\code\gson\gson\2.10.1\gson-2.10.1.jar;C:\Users\maxim\.m2\repository\org\jgrapht\jgrapht-core\1.5.2\jgrapht-core-1.5.2.jar;C:\Users\maxim\.m2\repository\org\jheaps\jheaps\0.14\jheaps-0.14.jar;C:\Users\maxim\.m2\repository\org\apfloat\apfloat\1.10.1\apfloat-1.10.1.jar;"/>
    <property name="java.vm.vendor" value="Amazon.com Inc."/>
    <property name="sun.arch.data.model" value="64"/>
    <property name="user.variant" value=""/>
    <property name="java.vendor.url" value="https://aws.amazon.com/corretto/"/>
    <property name="user.timezone" value="Europe/Kiev"/>
    <property name="user.country.format" value="UA"/>
    <property name="os.name" value="Windows 11"/>
    <property name="java.vm.specification.version" value="17"/>
    <property name="sun.java.launcher" value="SUN_STANDARD"/>
    <property name="user.country" value="US"/>
    <property name="sun.boot.library.path" value="C:\Users\maxim\.jdks\corretto-17.0.10\bin"/>
    <property name="sun.java.command" value="C:\Users\maxim\AppData\Local\Temp\surefire12153209367591716819\surefirebooter-20240407214656789_3.jar C:\Users\maxim\AppData\Local\Temp\surefire12153209367591716819 2024-04-07T21-46-56_507-jvmRun1 surefire-20240407214656789_1tmp surefire_0-20240407214656789_2tmp"/>
    <property name="jdk.debug" value="release"/>
    <property name="surefire.test.class.path" value="E:\Maksym_Donchyk_Java_Krakow\target\test-classes;E:\Maksym_Donchyk_Java_Krakow\target\classes;C:\Users\maxim\.m2\repository\junit\junit\4.13.1\junit-4.13.1.jar;C:\Users\maxim\.m2\repository\org\hamcrest\hamcrest-core\1.3\hamcrest-core-1.3.jar;C:\Users\maxim\.m2\repository\org\junit\jupiter\junit-jupiter\5.10.2\junit-jupiter-5.10.2.jar;C:\Users\maxim\.m2\repository\org\junit\jupiter\junit-jupiter-api\5.10.2\junit-jupiter-api-5.10.2.jar;C:\Users\maxim\.m2\repository\org\opentest4j\opentest4j\1.3.0\opentest4j-1.3.0.jar;C:\Users\maxim\.m2\repository\org\junit\platform\junit-platform-commons\1.10.2\junit-platform-commons-1.10.2.jar;C:\Users\maxim\.m2\repository\org\apiguardian\apiguardian-api\1.1.2\apiguardian-api-1.1.2.jar;C:\Users\maxim\.m2\repository\org\junit\jupiter\junit-jupiter-params\5.10.2\junit-jupiter-params-5.10.2.jar;C:\Users\maxim\.m2\repository\org\junit\jupiter\junit-jupiter-engine\5.10.2\junit-jupiter-engine-5.10.2.jar;C:\Users\maxim\.m2\repository\org\junit\platform\junit-platform-engine\1.10.2\junit-platform-engine-1.10.2.jar;C:\Users\maxim\.m2\repository\com\google\code\gson\gson\2.10.1\gson-2.10.1.jar;C:\Users\maxim\.m2\repository\org\jgrapht\jgrapht-core\1.5.2\jgrapht-core-1.5.2.jar;C:\Users\maxim\.m2\repository\org\jheaps\jheaps\0.14\jheaps-0.14.jar;C:\Users\maxim\.m2\repository\org\apfloat\apfloat\1.10.1\apfloat-1.10.1.jar;"/>
    <property name="sun.cpu.endian" value="little"/>
    <property name="user.home" value="C:\Users\maxim"/>
    <property name="user.language" value="en"/>
    <property name="java.specification.vendor" value="Oracle Corporation"/>
    <property name="java.version.date" value="2024-01-16"/>
    <property name="java.home" value="C:\Users\maxim\.jdks\corretto-17.0.10"/>
    <property name="file.separator" value="\"/>
    <property name="basedir" value="E:\Maksym_Donchyk_Java_Krakow"/>
    <property name="java.vm.compressedOopsMode" value="Zero based"/>
    <property name="line.separator" value="&#10;"/>
    <property name="java.vm.specification.vendor" value="Oracle Corporation"/>
    <property name="java.specification.name" value="Java Platform API Specification"/>
    <property name="surefire.real.class.path" value="C:\Users\maxim\AppData\Local\Temp\surefire12153209367591716819\surefirebooter-20240407214656789_3.jar"/>
    <property name="user.script" value=""/>
    <property name="sun.management.compiler" value="HotSpot 64-Bit Tiered Compilers"/>
    <property name="java.runtime.version" value="17.0.10+7-LTS"/>
    <property name="user.name" value="maxim"/>
    <property name="path.separator" value=";"/>
    <property name="os.version" value="10.0"/>
    <property name="java.runtime.name" value="OpenJDK Runtime Environment"/>
    <property name="file.encoding" value="Cp1252"/>
    <property name="java.vm.name" value="OpenJDK 64-Bit Server VM"/>
    <property name="java.vendor.version" value="Corretto-17.0.10.7.1"/>
    <property name="localRepository" value="C:\Users\maxim\.m2\repository"/>
    <property name="java.vendor.url.bug" value="https://github.com/corretto/corretto-17/issues/"/>
    <property name="java.io.tmpdir" value="C:\Users\maxim\AppData\Local\Temp\"/>
    <property name="java.version" value="17.0.10"/>
    <property name="user.dir" value="E:\Maksym_Donchyk_Java_Krakow"/>
    <property name="os.arch" value="amd64"/>
    <property name="java.vm.specification.name" value="Java Virtual Machine Specification"/>
    <property name="user.language.format" value="uk"/>
    <property name="sun.os.patch.level" value=""/>
    <property name="native.encoding" value="Cp1252"/>
    <property name="java.library.path" value="C:\Users\maxim\.jdks\corretto-17.0.10\bin;C:\Windows\Sun\Java\bin;C:\Windows\system32;C:\Windows;C:\Program Files\Common Files\Oracle\Java\javapath;C:\Windows\system32;C:\Windows;C:\Windows\System32\Wbem;C:\Windows\System32\WindowsPowerShell\v1.0\;C:\Windows\System32\OpenSSH\;C:\Program Files\NVIDIA Corporation\NVIDIA NvDLISR;C:\Program Files (x86)\NVIDIA Corporation\PhysX\Common;C:\Program Files\Microsoft SQL Server\150\Tools\Binn\;C:\Program Files\Microsoft SQL Server\Client SDK\ODBC\170\Tools\Binn\;C:\Program Files\dotnet\;C:\Users\maxim\AppData\Local\Programs\Microsoft VS Code\bin;E:\jdk-19.0.2\bin;C:\Program Files (x86)\Common Files\Oracle\Java\javapath;C:\Program Files\Git\cmd;E:\;E:\nodejs\;C:\Program Files\Docker\Docker\resources\bin;E:\apache-maven-3.9.6-bin\apache-maven-3.9.6\bin;E:\jdk-19.0.2\bin;C:\Users\maxim\AppData\Local\Programs\Microsoft VS Code\bin;;E:\datagrip\DataGrip 2023.1.2\bin;;C:\Users\maxim\AppData\Roaming\npm;."/>
    <property name="java.vm.info" value="mixed mode, sharing"/>
    <property name="java.vendor" value="Amazon.com Inc."/>
    <property name="java.vm.version" value="17.0.10+7-LTS"/>
    <property name="sun.io.unicode.encoding" value="UnicodeLittle"/>
    <property name="java.class.version" value="61.0"/>
  </properties>
  <testcase name="twoItemsOneCategoryIsTheSameTest" classname="com.ocado.basket.BasketSplitterTest" time="0.125"/>
  <testcase name="oneItemBasketTest" classname="com.ocado.basket.BasketSplitterTest" time="0.003"/>
  <testcase name="itemNotFoundInConfigTest" classname="com.ocado.basket.BasketSplitterTest" time="0.003"/>
  <testcase name="splittingTest" classname="com.ocado.basket.BasketSplitterTest" time="0.003"/>
  <testcase name="twoItemsDifferentCategoryBasketTest" classname="com.ocado.basket.BasketSplitterTest" time="0.003"/>
  <testcase name="emptyBasketTest" classname="com.ocado.basket.BasketSplitterTest" time="0.003"/>
</testsuite>